D:\VIRTUALMACHINE\WINDOWS 7\VMWARE_SHAREDATA\VISUAL STUDIO 2012 PROJECT\NEWGAME\NEWGAME\DEBUG\APPLICATION.OBJ
D:\VIRTUALMACHINE\WINDOWS 7\VMWARE_SHAREDATA\VISUAL STUDIO 2012 PROJECT\NEWGAME\NEWGAME\DEBUG\BALL.OBJ
D:\VIRTUALMACHINE\WINDOWS 7\VMWARE_SHAREDATA\VISUAL STUDIO 2012 PROJECT\NEWGAME\NEWGAME\DEBUG\ENTITY.OBJ
D:\VIRTUALMACHINE\WINDOWS 7\VMWARE_SHAREDATA\VISUAL STUDIO 2012 PROJECT\NEWGAME\NEWGAME\DEBUG\FIREPARTICLE.OBJ
D:\VIRTUALMACHINE\WINDOWS 7\VMWARE_SHAREDATA\VISUAL STUDIO 2012 PROJECT\NEWGAME\NEWGAME\DEBUG\PARTICLE.OBJ
D:\VIRTUALMACHINE\WINDOWS 7\VMWARE_SHAREDATA\VISUAL STUDIO 2012 PROJECT\NEWGAME\NEWGAME\DEBUG\PARTICLENODE.OBJ
D:\VIRTUALMACHINE\WINDOWS 7\VMWARE_SHAREDATA\VISUAL STUDIO 2012 PROJECT\NEWGAME\NEWGAME\DEBUG\SCENENODE.OBJ
D:\VIRTUALMACHINE\WINDOWS 7\VMWARE_SHAREDATA\VISUAL STUDIO 2012 PROJECT\NEWGAME\NEWGAME\DEBUG\STATE.OBJ
D:\VIRTUALMACHINE\WINDOWS 7\VMWARE_SHAREDATA\VISUAL STUDIO 2012 PROJECT\NEWGAME\NEWGAME\DEBUG\STATESTACK.OBJ
D:\VIRTUALMACHINE\WINDOWS 7\VMWARE_SHAREDATA\VISUAL STUDIO 2012 PROJECT\NEWGAME\NEWGAME\DEBUG\UTILITIES.OBJ
D:\VIRTUALMACHINE\WINDOWS 7\VMWARE_SHAREDATA\VISUAL STUDIO 2012 PROJECT\NEWGAME\NEWGAME\DEBUG\MAIN.OBJ
D:\VIRTUALMACHINE\WINDOWS 7\VMWARE_SHAREDATA\VISUAL STUDIO 2012 PROJECT\NEWGAME\NEWGAME\DEBUG\WORLD.OBJ
D:\VIRTUALMACHINE\WINDOWS 7\VMWARE_SHAREDATA\VISUAL STUDIO 2012 PROJECT\NEWGAME\NEWGAME\DEBUG\VC110.PDB
D:\VIRTUALMACHINE\WINDOWS 7\VMWARE_SHAREDATA\VISUAL STUDIO 2012 PROJECT\NEWGAME\DEBUG\NEWGAME.ILK
D:\VIRTUALMACHINE\WINDOWS 7\VMWARE_SHAREDATA\VISUAL STUDIO 2012 PROJECT\NEWGAME\DEBUG\NEWGAME.EXE
D:\VIRTUALMACHINE\WINDOWS 7\VMWARE_SHAREDATA\VISUAL STUDIO 2012 PROJECT\NEWGAME\DEBUG\NEWGAME.PDB
D:\VirtualMachine\Windows 7\VMWare_ShareData\Visual Studio 2012 Project\NewGame\NewGame\Debug\Ball.obj
D:\VirtualMachine\Windows 7\VMWare_ShareData\Visual Studio 2012 Project\NewGame\NewGame\Debug\Entity.obj
D:\VirtualMachine\Windows 7\VMWare_ShareData\Visual Studio 2012 Project\NewGame\NewGame\Debug\FireParticle.obj
D:\VirtualMachine\Windows 7\VMWare_ShareData\Visual Studio 2012 Project\NewGame\NewGame\Debug\Particle.obj
D:\VirtualMachine\Windows 7\VMWare_ShareData\Visual Studio 2012 Project\NewGame\NewGame\Debug\ParticleNode.obj
D:\VirtualMachine\Windows 7\VMWare_ShareData\Visual Studio 2012 Project\NewGame\NewGame\Debug\SceneNode.obj
D:\VirtualMachine\Windows 7\VMWare_ShareData\Visual Studio 2012 Project\NewGame\NewGame\Debug\State.obj
D:\VirtualMachine\Windows 7\VMWare_ShareData\Visual Studio 2012 Project\NewGame\NewGame\Debug\StateStack.obj
D:\VirtualMachine\Windows 7\VMWare_ShareData\Visual Studio 2012 Project\NewGame\NewGame\Debug\Utilities.obj
D:\VirtualMachine\Windows 7\VMWare_ShareData\Visual Studio 2012 Project\NewGame\NewGame\Debug\cl.command.1.tlog
D:\VirtualMachine\Windows 7\VMWare_ShareData\Visual Studio 2012 Project\NewGame\NewGame\Debug\CL.read.1.tlog
D:\VirtualMachine\Windows 7\VMWare_ShareData\Visual Studio 2012 Project\NewGame\NewGame\Debug\CL.write.1.tlog
D:\VirtualMachine\Windows 7\VMWare_ShareData\Visual Studio 2012 Project\NewGame\NewGame\Debug\link-cvtres.read.1.tlog
D:\VirtualMachine\Windows 7\VMWare_ShareData\Visual Studio 2012 Project\NewGame\NewGame\Debug\link-cvtres.write.1.tlog
D:\VirtualMachine\Windows 7\VMWare_ShareData\Visual Studio 2012 Project\NewGame\NewGame\Debug\link-rc.read.1.tlog
D:\VirtualMachine\Windows 7\VMWare_ShareData\Visual Studio 2012 Project\NewGame\NewGame\Debug\link-rc.write.1.tlog
D:\VirtualMachine\Windows 7\VMWare_ShareData\Visual Studio 2012 Project\NewGame\NewGame\Debug\link.10924-cvtres.read.1.tlog
D:\VirtualMachine\Windows 7\VMWare_ShareData\Visual Studio 2012 Project\NewGame\NewGame\Debug\link.10924-cvtres.write.1.tlog
D:\VirtualMachine\Windows 7\VMWare_ShareData\Visual Studio 2012 Project\NewGame\NewGame\Debug\link.10924-rc.read.1.tlog
D:\VirtualMachine\Windows 7\VMWare_ShareData\Visual Studio 2012 Project\NewGame\NewGame\Debug\link.10924-rc.write.1.tlog
D:\VirtualMachine\Windows 7\VMWare_ShareData\Visual Studio 2012 Project\NewGame\NewGame\Debug\link.10924.read.1.tlog
D:\VirtualMachine\Windows 7\VMWare_ShareData\Visual Studio 2012 Project\NewGame\NewGame\Debug\link.10924.write.1.tlog
D:\VirtualMachine\Windows 7\VMWare_ShareData\Visual Studio 2012 Project\NewGame\NewGame\Debug\link.11816-cvtres.read.1.tlog
D:\VirtualMachine\Windows 7\VMWare_ShareData\Visual Studio 2012 Project\NewGame\NewGame\Debug\link.11816-cvtres.write.1.tlog
D:\VirtualMachine\Windows 7\VMWare_ShareData\Visual Studio 2012 Project\NewGame\NewGame\Debug\link.11816-rc.read.1.tlog
D:\VirtualMachine\Windows 7\VMWare_ShareData\Visual Studio 2012 Project\NewGame\NewGame\Debug\link.11816-rc.write.1.tlog
D:\VirtualMachine\Windows 7\VMWare_ShareData\Visual Studio 2012 Project\NewGame\NewGame\Debug\link.11816.read.1.tlog
D:\VirtualMachine\Windows 7\VMWare_ShareData\Visual Studio 2012 Project\NewGame\NewGame\Debug\link.11816.write.1.tlog
D:\VirtualMachine\Windows 7\VMWare_ShareData\Visual Studio 2012 Project\NewGame\NewGame\Debug\link.1484-cvtres.read.1.tlog
D:\VirtualMachine\Windows 7\VMWare_ShareData\Visual Studio 2012 Project\NewGame\NewGame\Debug\link.1484-cvtres.write.1.tlog
D:\VirtualMachine\Windows 7\VMWare_ShareData\Visual Studio 2012 Project\NewGame\NewGame\Debug\link.1484-rc.read.1.tlog
D:\VirtualMachine\Windows 7\VMWare_ShareData\Visual Studio 2012 Project\NewGame\NewGame\Debug\link.1484-rc.write.1.tlog
D:\VirtualMachine\Windows 7\VMWare_ShareData\Visual Studio 2012 Project\NewGame\NewGame\Debug\link.1484.read.1.tlog
D:\VirtualMachine\Windows 7\VMWare_ShareData\Visual Studio 2012 Project\NewGame\NewGame\Debug\link.1484.write.1.tlog
D:\VirtualMachine\Windows 7\VMWare_ShareData\Visual Studio 2012 Project\NewGame\NewGame\Debug\link.4888-cvtres.read.1.tlog
D:\VirtualMachine\Windows 7\VMWare_ShareData\Visual Studio 2012 Project\NewGame\NewGame\Debug\link.4888-cvtres.write.1.tlog
D:\VirtualMachine\Windows 7\VMWare_ShareData\Visual Studio 2012 Project\NewGame\NewGame\Debug\link.4888-rc.read.1.tlog
D:\VirtualMachine\Windows 7\VMWare_ShareData\Visual Studio 2012 Project\NewGame\NewGame\Debug\link.4888-rc.write.1.tlog
D:\VirtualMachine\Windows 7\VMWare_ShareData\Visual Studio 2012 Project\NewGame\NewGame\Debug\link.4888.read.1.tlog
D:\VirtualMachine\Windows 7\VMWare_ShareData\Visual Studio 2012 Project\NewGame\NewGame\Debug\link.4888.write.1.tlog
D:\VirtualMachine\Windows 7\VMWare_ShareData\Visual Studio 2012 Project\NewGame\NewGame\Debug\link.6048-cvtres.read.1.tlog
D:\VirtualMachine\Windows 7\VMWare_ShareData\Visual Studio 2012 Project\NewGame\NewGame\Debug\link.6048-cvtres.write.1.tlog
D:\VirtualMachine\Windows 7\VMWare_ShareData\Visual Studio 2012 Project\NewGame\NewGame\Debug\link.6048-rc.read.1.tlog
D:\VirtualMachine\Windows 7\VMWare_ShareData\Visual Studio 2012 Project\NewGame\NewGame\Debug\link.6048-rc.write.1.tlog
D:\VirtualMachine\Windows 7\VMWare_ShareData\Visual Studio 2012 Project\NewGame\NewGame\Debug\link.6048.read.1.tlog
D:\VirtualMachine\Windows 7\VMWare_ShareData\Visual Studio 2012 Project\NewGame\NewGame\Debug\link.6048.write.1.tlog
D:\VirtualMachine\Windows 7\VMWare_ShareData\Visual Studio 2012 Project\NewGame\NewGame\Debug\link.6096-cvtres.read.1.tlog
D:\VirtualMachine\Windows 7\VMWare_ShareData\Visual Studio 2012 Project\NewGame\NewGame\Debug\link.6096-cvtres.write.1.tlog
D:\VirtualMachine\Windows 7\VMWare_ShareData\Visual Studio 2012 Project\NewGame\NewGame\Debug\link.6096-rc.read.1.tlog
D:\VirtualMachine\Windows 7\VMWare_ShareData\Visual Studio 2012 Project\NewGame\NewGame\Debug\link.6096-rc.write.1.tlog
D:\VirtualMachine\Windows 7\VMWare_ShareData\Visual Studio 2012 Project\NewGame\NewGame\Debug\link.6096.read.1.tlog
D:\VirtualMachine\Windows 7\VMWare_ShareData\Visual Studio 2012 Project\NewGame\NewGame\Debug\link.6096.write.1.tlog
D:\VirtualMachine\Windows 7\VMWare_ShareData\Visual Studio 2012 Project\NewGame\NewGame\Debug\link.7584-cvtres.read.1.tlog
D:\VirtualMachine\Windows 7\VMWare_ShareData\Visual Studio 2012 Project\NewGame\NewGame\Debug\link.7584-cvtres.write.1.tlog
D:\VirtualMachine\Windows 7\VMWare_ShareData\Visual Studio 2012 Project\NewGame\NewGame\Debug\link.7584-rc.read.1.tlog
D:\VirtualMachine\Windows 7\VMWare_ShareData\Visual Studio 2012 Project\NewGame\NewGame\Debug\link.7584-rc.write.1.tlog
D:\VirtualMachine\Windows 7\VMWare_ShareData\Visual Studio 2012 Project\NewGame\NewGame\Debug\link.7584.read.1.tlog
D:\VirtualMachine\Windows 7\VMWare_ShareData\Visual Studio 2012 Project\NewGame\NewGame\Debug\link.7584.write.1.tlog
D:\VirtualMachine\Windows 7\VMWare_ShareData\Visual Studio 2012 Project\NewGame\NewGame\Debug\link.9244-cvtres.read.1.tlog
D:\VirtualMachine\Windows 7\VMWare_ShareData\Visual Studio 2012 Project\NewGame\NewGame\Debug\link.9244-cvtres.write.1.tlog
D:\VirtualMachine\Windows 7\VMWare_ShareData\Visual Studio 2012 Project\NewGame\NewGame\Debug\link.9244-rc.read.1.tlog
D:\VirtualMachine\Windows 7\VMWare_ShareData\Visual Studio 2012 Project\NewGame\NewGame\Debug\link.9244-rc.write.1.tlog
D:\VirtualMachine\Windows 7\VMWare_ShareData\Visual Studio 2012 Project\NewGame\NewGame\Debug\link.9244.read.1.tlog
D:\VirtualMachine\Windows 7\VMWare_ShareData\Visual Studio 2012 Project\NewGame\NewGame\Debug\link.9244.write.1.tlog
D:\VirtualMachine\Windows 7\VMWare_ShareData\Visual Studio 2012 Project\NewGame\NewGame\Debug\link.command.1.tlog
D:\VirtualMachine\Windows 7\VMWare_ShareData\Visual Studio 2012 Project\NewGame\NewGame\Debug\link.read.1.tlog
D:\VirtualMachine\Windows 7\VMWare_ShareData\Visual Studio 2012 Project\NewGame\NewGame\Debug\link.write.1.tlog
D:\VirtualMachine\Windows 7\VMWare_ShareData\Visual Studio 2012 Project\NewGame\NewGame\Debug\vc110.idb
D:\VirtualMachine\Windows 7\VMWare_ShareData\Visual Studio 2012 Project\NewGame\NewGame\Debug\vc110.pdb
D:\VirtualMachine\Windows 7\VMWare_ShareData\Visual Studio 2012 Project\NewGame\Debug\NewGame.pdb
D:\VirtualMachine\Windows 7\VMWare_ShareData\Visual Studio 2012 Project\NewGame\Debug\NewGame.exe
D:\VirtualMachine\Windows 7\VMWare_ShareData\Visual Studio 2012 Project\NewGame\Debug\NewGame.ilk
